OpenSTA 2.3.2 333b91e72d Copyright (c) 2021, Parallax Software, Inc.
License GPLv3: GNU GPL version 3 <http://gnu.org/licenses/gpl.html>

This is free software, and you are free to change and redistribute it
under certain conditions; type `show_copying' for details. 
This program comes with ABSOLUTELY NO WARRANTY; for details type `show_warranty'.
Warning: lib/sky130_fd_sc_hd__tt_025C_1v80.lib line 23, default_fanout_load is 0.0.
----------reg2reg setup/hold---------------

Startpoint: _17111_ (rising edge-triggered flip-flop clocked by clk)
Endpoint: _17141_ (rising edge-triggered flip-flop clocked by clk)
Path Group: clk
Path Type: min

Fanout     Cap    Slew   Delay    Time   Description
-----------------------------------------------------------------------------
                  0.00    0.00    0.00   clock clk (rise edge)
                          0.00    0.00   clock network delay (ideal)
                  0.00    0.00    0.00 ^ _17111_/CLK (sky130_fd_sc_hd__dfxtp_2)
                  0.03    0.28    0.28 ^ _17111_/Q (sky130_fd_sc_hd__dfxtp_2)
     1    0.00                           cntlr.core.CPU_inc_pc_a2[2] (net)
                  0.03    0.00    0.28 ^ _17141_/D (sky130_fd_sc_hd__dfxtp_2)
                                  0.28   data arrival time

                  0.00    0.00    0.00   clock clk (rise edge)
                          0.00    0.00   clock network delay (ideal)
                          0.00    0.00   clock reconvergence pessimism
                                  0.00 ^ _17141_/CLK (sky130_fd_sc_hd__dfxtp_2)
                         -0.03   -0.03   library hold time
                                 -0.03   data required time
-----------------------------------------------------------------------------
                                 -0.03   data required time
                                 -0.28   data arrival time
-----------------------------------------------------------------------------
                                  0.32   slack (MET)


Startpoint: _19095_ (rising edge-triggered flip-flop clocked by clk)
Endpoint: _19065_ (rising edge-triggered flip-flop clocked by clk)
Path Group: clk
Path Type: max

Fanout     Cap    Slew   Delay    Time   Description
-----------------------------------------------------------------------------
                  0.00    0.00    0.00   clock clk (rise edge)
                          0.00    0.00   clock network delay (ideal)
                  0.00    0.00    0.00 ^ _19095_/CLK (sky130_fd_sc_hd__dfxtp_2)
                  0.07    0.33    0.33 v _19095_/Q (sky130_fd_sc_hd__dfxtp_2)
    10    0.02                           cntlr.core.CPU_is_ori_a3 (net)
                  0.07    0.00    0.33 v _09341_/A (sky130_fd_sc_hd__or4_2)
                  0.09    0.65    0.98 v _09341_/X (sky130_fd_sc_hd__or4_2)
     1    0.00                           _03876_ (net)
                  0.09    0.00    0.98 v _09343_/B (sky130_fd_sc_hd__or3_2)
                  0.11    0.50    1.48 v _09343_/X (sky130_fd_sc_hd__or3_2)
     4    0.01                           _03878_ (net)
                  0.11    0.00    1.48 v _09344_/B (sky130_fd_sc_hd__or2_2)
                  0.06    0.30    1.79 v _09344_/X (sky130_fd_sc_hd__or2_2)
     2    0.01                           _03879_ (net)
                  0.06    0.00    1.79 v _09346_/B (sky130_fd_sc_hd__nor2_2)
                  0.17    0.15    1.94 ^ _09346_/Y (sky130_fd_sc_hd__nor2_2)
     5    0.01                           _03881_ (net)
                  0.17    0.00    1.94 ^ _09354_/S (sky130_fd_sc_hd__mux2_2)
                  0.10    0.42    2.36 v _09354_/X (sky130_fd_sc_hd__mux2_2)
     7    0.02                           _03889_ (net)
                  0.10    0.00    2.36 v _09355_/A (sky130_fd_sc_hd__inv_2)
                  0.12    0.14    2.50 ^ _09355_/Y (sky130_fd_sc_hd__inv_2)
     8    0.03                           _03890_ (net)
                  0.12    0.00    2.50 ^ _09356_/A (sky130_fd_sc_hd__buf_1)
                  0.39    0.34    2.83 ^ _09356_/X (sky130_fd_sc_hd__buf_1)
    10    0.03                           _03891_ (net)
                  0.39    0.00    2.83 ^ _09357_/A (sky130_fd_sc_hd__buf_1)
                  0.39    0.37    3.20 ^ _09357_/X (sky130_fd_sc_hd__buf_1)
    10    0.03                           _03892_ (net)
                  0.39    0.00    3.20 ^ _09368_/S (sky130_fd_sc_hd__mux2_2)
                  0.05    0.23    3.44 ^ _09368_/X (sky130_fd_sc_hd__mux2_2)
     2    0.00                           _03903_ (net)
                  0.05    0.00    3.44 ^ _09372_/A0 (sky130_fd_sc_hd__mux2_2)
                  0.06    0.15    3.59 ^ _09372_/X (sky130_fd_sc_hd__mux2_2)
     2    0.01                           _03907_ (net)
                  0.06    0.00    3.59 ^ _09377_/A1 (sky130_fd_sc_hd__mux2_2)
                  0.07    0.17    3.76 ^ _09377_/X (sky130_fd_sc_hd__mux2_2)
     2    0.01                           _03912_ (net)
                  0.07    0.00    3.76 ^ _09406_/A2 (sky130_fd_sc_hd__o211ai_2)
                  0.10    0.08    3.84 v _09406_/Y (sky130_fd_sc_hd__o211ai_2)
     2    0.01                           _03941_ (net)
                  0.10    0.00    3.84 v _09425_/B (sky130_fd_sc_hd__or2_2)
                  0.06    0.30    4.14 v _09425_/X (sky130_fd_sc_hd__or2_2)
     2    0.00                           _03960_ (net)
                  0.06    0.00    4.14 v _09449_/A2 (sky130_fd_sc_hd__a21o_2)
                  0.03    0.21    4.34 v _09449_/X (sky130_fd_sc_hd__a21o_2)
     1    0.00                           _03984_ (net)
                  0.03    0.00    4.34 v _09450_/B1 (sky130_fd_sc_hd__o31a_2)
                  0.05    0.10    4.44 v _09450_/X (sky130_fd_sc_hd__o31a_2)
     1    0.00                           _03985_ (net)
                  0.05    0.00    4.44 v _09451_/B1 (sky130_fd_sc_hd__a311o_2)
                  0.05    0.34    4.78 v _09451_/X (sky130_fd_sc_hd__a311o_2)
     1    0.00                           _03986_ (net)
                  0.05    0.00    4.78 v _09629_/A1 (sky130_fd_sc_hd__a211o_2)
                  0.04    0.28    5.07 v _09629_/X (sky130_fd_sc_hd__a211o_2)
     1    0.00                           _04164_ (net)
                  0.04    0.00    5.07 v _09633_/B1 (sky130_fd_sc_hd__a221o_2)
                  0.05    0.32    5.39 v _09633_/X (sky130_fd_sc_hd__a221o_2)
     1    0.00                           _04168_ (net)
                  0.05    0.00    5.39 v _09638_/A2 (sky130_fd_sc_hd__a311o_2)
                  0.05    0.35    5.73 v _09638_/X (sky130_fd_sc_hd__a311o_2)
     1    0.00                           _04173_ (net)
                  0.05    0.00    5.73 v _09645_/A2 (sky130_fd_sc_hd__a311o_2)
                  0.06    0.36    6.10 v _09645_/X (sky130_fd_sc_hd__a311o_2)
     1    0.00                           _04180_ (net)
                  0.06    0.00    6.10 v _09650_/A2 (sky130_fd_sc_hd__a31oi_2)
                  0.11    0.14    6.24 ^ _09650_/Y (sky130_fd_sc_hd__a31oi_2)
     1    0.00                           _04185_ (net)
                  0.11    0.00    6.24 ^ _09654_/A1 (sky130_fd_sc_hd__mux2_2)
                  0.09    0.20    6.44 ^ _09654_/X (sky130_fd_sc_hd__mux2_2)
     4    0.01                           _04189_ (net)
                  0.09    0.00    6.44 ^ _12710_/A2 (sky130_fd_sc_hd__o2111ai_2)
                  0.09    0.10    6.54 v _12710_/Y (sky130_fd_sc_hd__o2111ai_2)
     1    0.00                           _07166_ (net)
                  0.09    0.00    6.54 v _12714_/A2 (sky130_fd_sc_hd__a21bo_2)
                  0.06    0.26    6.80 v _12714_/X (sky130_fd_sc_hd__a21bo_2)
     4    0.01                           _07170_ (net)
                  0.06    0.00    6.80 v _12725_/A2 (sky130_fd_sc_hd__a311oi_2)
                  0.37    0.37    7.17 ^ _12725_/Y (sky130_fd_sc_hd__a311oi_2)
     4    0.01                           _07179_ (net)
                  0.37    0.00    7.17 ^ _12749_/A1 (sky130_fd_sc_hd__a41o_2)
                  0.11    0.31    7.49 ^ _12749_/X (sky130_fd_sc_hd__a41o_2)
     3    0.02                           _07199_ (net)
                  0.11    0.00    7.49 ^ _12775_/A (sky130_fd_sc_hd__nand3_2)
                  0.08    0.09    7.58 v _12775_/Y (sky130_fd_sc_hd__nand3_2)
     2    0.01                           _07221_ (net)
                  0.08    0.00    7.58 v _12799_/A1 (sky130_fd_sc_hd__a21oi_2)
                  0.12    0.15    7.73 ^ _12799_/Y (sky130_fd_sc_hd__a21oi_2)
     2    0.01                           _07241_ (net)
                  0.12    0.00    7.73 ^ _12812_/A1 (sky130_fd_sc_hd__o21bai_2)
                  0.06    0.09    7.82 v _12812_/Y (sky130_fd_sc_hd__o21bai_2)
     2    0.01                           _07253_ (net)
                  0.06    0.00    7.82 v _12848_/A2 (sky130_fd_sc_hd__a31o_2)
                  0.04    0.23    8.04 v _12848_/X (sky130_fd_sc_hd__a31o_2)
     1    0.00                           _07282_ (net)
                  0.04    0.00    8.04 v _12853_/A1 (sky130_fd_sc_hd__a21o_2)
                  0.04    0.19    8.23 v _12853_/X (sky130_fd_sc_hd__a21o_2)
     2    0.01                           _07287_ (net)
                  0.04    0.00    8.23 v _12861_/A1 (sky130_fd_sc_hd__a21oi_2)
                  0.25    0.24    8.47 ^ _12861_/Y (sky130_fd_sc_hd__a21oi_2)
     4    0.02                           _07295_ (net)
                  0.25    0.00    8.47 ^ _12878_/A1 (sky130_fd_sc_hd__o2111ai_2)
                  0.10    0.16    8.63 v _12878_/Y (sky130_fd_sc_hd__o2111ai_2)
     2    0.00                           _07308_ (net)
                  0.10    0.00    8.63 v _12883_/A1 (sky130_fd_sc_hd__a21o_2)
                  0.06    0.24    8.86 v _12883_/X (sky130_fd_sc_hd__a21o_2)
     4    0.01                           _07313_ (net)
                  0.06    0.00    8.86 v _12895_/A2 (sky130_fd_sc_hd__a311o_2)
                  0.05    0.36    9.22 v _12895_/X (sky130_fd_sc_hd__a311o_2)
     2    0.00                           _07323_ (net)
                  0.05    0.00    9.22 v _12900_/B1_N (sky130_fd_sc_hd__a21bo_2)
                  0.06    0.21    9.43 ^ _12900_/X (sky130_fd_sc_hd__a21bo_2)
     1    0.01                           _07327_ (net)
                  0.06    0.00    9.43 ^ _12902_/A (sky130_fd_sc_hd__xnor2_2)
                  0.04    0.06    9.49 v _12902_/Y (sky130_fd_sc_hd__xnor2_2)
     1    0.00                           cntlr.core.CPU_jalr_tgt_pc_a2[31] (net)
                  0.04    0.00    9.49 v _19065_/D (sky130_fd_sc_hd__dfxtp_2)
                                  9.49   data arrival time

                  0.00   10.00   10.00   clock clk (rise edge)
                          0.00   10.00   clock network delay (ideal)
                          0.00   10.00   clock reconvergence pessimism
                                 10.00 ^ _19065_/CLK (sky130_fd_sc_hd__dfxtp_2)
                         -0.12    9.88   library setup time
                                  9.88   data required time
-----------------------------------------------------------------------------
                                  9.88   data required time
                                 -9.49   data arrival time
-----------------------------------------------------------------------------
                                  0.39   slack (MET)


% 