Startpoint: _20588_ (rising edge-triggered flip-flop clocked by clk)
Endpoint: _21686_ (rising edge-triggered flip-flop clocked by clk)
Path Group: clk
Path Type: min

Fanout       Cap      Slew     Delay      Time   Description
-------------------------------------------------------------------------------------
                    0.0000    0.0000    0.0000   clock clk (rise edge)
                              0.0000    0.0000   clock network delay (ideal)
                    0.0000    0.0000    0.0000 ^ _20588_/CLK (sky130_fd_sc_hd__dfxtp_1)
                    0.0534    0.7516    0.7516 v _20588_/Q (sky130_fd_sc_hd__dfxtp_1)
     1    0.0015                                 cntlr.core.CPU_Xreg_value_a5[17][0] (net)
                    0.0534    0.0000    0.7516 v _21686_/D (sky130_fd_sc_hd__dfxtp_1)
                                        0.7516   data arrival time

                    0.0000    0.0000    0.0000   clock clk (rise edge)
                              0.0000    0.0000   clock network delay (ideal)
                              0.0000    0.0000   clock reconvergence pessimism
                                        0.0000 ^ _21686_/CLK (sky130_fd_sc_hd__dfxtp_1)
                             -0.1537   -0.1537   library hold time
                                       -0.1537   data required time
-------------------------------------------------------------------------------------
                                       -0.1537   data required time
                                       -0.7516   data arrival time
-------------------------------------------------------------------------------------
                                        0.9053   slack (MET)


Startpoint: _21814_ (rising edge-triggered flip-flop clocked by clk)
Endpoint: _20146_ (rising edge-triggered flip-flop clocked by clk)
Path Group: clk
Path Type: max

Fanout       Cap      Slew     Delay      Time   Description
-------------------------------------------------------------------------------------
                    0.0000    0.0000    0.0000   clock clk (rise edge)
                              0.0000    0.0000   clock network delay (ideal)
                    0.0000    0.0000    0.0000 ^ _21814_/CLK (sky130_fd_sc_hd__dfxtp_1)
                    5.2099    4.5909    4.5909 ^ _21814_/Q (sky130_fd_sc_hd__dfxtp_1)
   113    0.2667                                 cntlr.core.CPU_reset_a3 (net)
                    5.2099    0.0000    4.5909 ^ _16633_/A (sky130_fd_sc_hd__clkinv_1)
                   26.3361   22.9343   27.5252 v _16633_/Y (sky130_fd_sc_hd__clkinv_1)
   913    1.4040                                 _2052_ (net)
                   26.3361    0.0000   27.5252 v _16638_/B1 (sky130_fd_sc_hd__o21ai_0)
                    4.0362    4.5890   32.1142 ^ _16638_/Y (sky130_fd_sc_hd__o21ai_0)
     1    0.0024                                 _2056_ (net)
                    4.0362    0.0000   32.1142 ^ _16639_/B1 (sky130_fd_sc_hd__a21oi_1)
                    0.6754    0.8388   32.9530 v _16639_/Y (sky130_fd_sc_hd__a21oi_1)
     1    0.0015                                 _46_ (net)
                    0.6754    0.0000   32.9530 v _20146_/D (sky130_fd_sc_hd__dfxtp_1)
                                       32.9530   data arrival time

                    0.0000   14.5000   14.5000   clock clk (rise edge)
                              0.0000   14.5000   clock network delay (ideal)
                              0.0000   14.5000   clock reconvergence pessimism
                                       14.5000 ^ _20146_/CLK (sky130_fd_sc_hd__dfxtp_1)
                             -0.7494   13.7506   library setup time
                                       13.7506   data required time
-------------------------------------------------------------------------------------
                                       13.7506   data required time
                                      -32.9530   data arrival time
-------------------------------------------------------------------------------------
                                      -19.2024   slack (VIOLATED)


