Startpoint: _20588_ (rising edge-triggered flip-flop clocked by clk)
Endpoint: _21686_ (rising edge-triggered flip-flop clocked by clk)
Path Group: clk
Path Type: min

Fanout       Cap      Slew     Delay      Time   Description
-------------------------------------------------------------------------------------
                    0.0000    0.0000    0.0000   clock clk (rise edge)
                              0.0000    0.0000   clock network delay (ideal)
                    0.0000    0.0000    0.0000 ^ _20588_/CLK (sky130_fd_sc_hd__dfxtp_1)
                    0.0459    0.8008    0.8008 v _20588_/Q (sky130_fd_sc_hd__dfxtp_1)
     1    0.0014                                 cntlr.core.CPU_Xreg_value_a5[17][0] (net)
                    0.0459    0.0000    0.8008 v _21686_/D (sky130_fd_sc_hd__dfxtp_1)
                                        0.8008   data arrival time

                    0.0000    0.0000    0.0000   clock clk (rise edge)
                              0.0000    0.0000   clock network delay (ideal)
                              0.0000    0.0000   clock reconvergence pessimism
                                        0.0000 ^ _21686_/CLK (sky130_fd_sc_hd__dfxtp_1)
                             -0.1901   -0.1901   library hold time
                                       -0.1901   data required time
-------------------------------------------------------------------------------------
                                       -0.1901   data required time
                                       -0.8008   data arrival time
-------------------------------------------------------------------------------------
                                        0.9909   slack (MET)


Startpoint: _21814_ (rising edge-triggered flip-flop clocked by clk)
Endpoint: _20146_ (rising edge-triggered flip-flop clocked by clk)
Path Group: clk
Path Type: max

Fanout       Cap      Slew     Delay      Time   Description
-------------------------------------------------------------------------------------
                    0.0000    0.0000    0.0000   clock clk (rise edge)
                              0.0000    0.0000   clock network delay (ideal)
                    0.0000    0.0000    0.0000 ^ _21814_/CLK (sky130_fd_sc_hd__dfxtp_1)
                    6.9176    6.0962    6.0962 ^ _21814_/Q (sky130_fd_sc_hd__dfxtp_1)
   113    0.2474                                 cntlr.core.CPU_reset_a3 (net)
                    6.9176    0.0000    6.0962 ^ _16633_/A (sky130_fd_sc_hd__clkinv_1)
                   16.6062   18.3658   24.4620 v _16633_/Y (sky130_fd_sc_hd__clkinv_1)
   913    1.2761                                 _2052_ (net)
                   16.6062    0.0000   24.4620 v _16638_/B1 (sky130_fd_sc_hd__o21ai_0)
                    2.0981    8.0100   32.4721 ^ _16638_/Y (sky130_fd_sc_hd__o21ai_0)
     1    0.0022                                 _2056_ (net)
                    2.0981    0.0000   32.4721 ^ _16639_/B1 (sky130_fd_sc_hd__a21oi_1)
                    0.6274    0.6804   33.1525 v _16639_/Y (sky130_fd_sc_hd__a21oi_1)
     1    0.0014                                 _46_ (net)
                    0.6274    0.0000   33.1525 v _20146_/D (sky130_fd_sc_hd__dfxtp_1)
                                       33.1525   data arrival time

                    0.0000   14.5000   14.5000   clock clk (rise edge)
                              0.0000   14.5000   clock network delay (ideal)
                              0.0000   14.5000   clock reconvergence pessimism
                                       14.5000 ^ _20146_/CLK (sky130_fd_sc_hd__dfxtp_1)
                             -1.0316   13.4684   library setup time
                                       13.4684   data required time
-------------------------------------------------------------------------------------
                                       13.4684   data required time
                                      -33.1525   data arrival time
-------------------------------------------------------------------------------------
                                      -19.6840   slack (VIOLATED)


