Startpoint: _22005_ (rising edge-triggered flip-flop clocked by clk)
Endpoint: mem (falling edge-triggered flip-flop clocked by clk)
Path Group: clk
Path Type: min

Fanout       Cap      Slew     Delay      Time   Description
-------------------------------------------------------------------------------------
                    0.0000    0.0000    0.0000   clock clk (rise edge)
                              0.0000    0.0000   clock network delay (ideal)
                    0.0000    0.0000    0.0000 ^ _22005_/CLK (sky130_fd_sc_hd__dfxtp_1)
                    0.0199    0.2035    0.2035 v _22005_/Q (sky130_fd_sc_hd__dfxtp_1)
     1    0.0022                                 cntlr.core.CPU_inc_pc_a3[9] (net)
                    0.0199    0.0000    0.2035 v _11057_/A1 (sky130_fd_sc_hd__a21oi_1)
                    0.0511    0.0855    0.2890 ^ _11057_/Y (sky130_fd_sc_hd__a21oi_1)
     1    0.0023                                 _5008_ (net)
                    0.0511    0.0000    0.2890 ^ _11059_/A2 (sky130_fd_sc_hd__a21oi_1)
                    0.0295    0.0509    0.3399 v _11059_/Y (sky130_fd_sc_hd__a21oi_1)
     2    0.0045                                 cntlr.core.CPU_pc_a0[9] (net)
                    0.0295    0.0000    0.3399 v _9935_/A (sky130_fd_sc_hd__clkinv_1)
                    0.0169    0.0282    0.3681 ^ _9935_/Y (sky130_fd_sc_hd__clkinv_1)
     1    0.0018                                 _14_ (net)
                    0.0169    0.0000    0.3681 ^ _9937_/A2 (sky130_fd_sc_hd__o21ai_0)
                    0.0603    0.0654    0.4335 v _9937_/Y (sky130_fd_sc_hd__o21ai_0)
     1    0.0069                                 cntlr.mem_addr[7] (net)
                    0.0804    0.0000    0.4335 v mem/addr0[7] (sram_32_256_sky130A)
                                        0.4335   data arrival time

                    0.0000    0.0000    0.0000   clock clk (rise edge)
                              0.0000    0.0000   clock network delay (ideal)
                              0.0000    0.0000   clock reconvergence pessimism
                                        0.0000 ^ mem/clk0 (sram_32_256_sky130A)
                             -0.0560   -0.0560   library hold time
                                       -0.0560   data required time
-------------------------------------------------------------------------------------
                                       -0.0560   data required time
                                       -0.4335   data arrival time
-------------------------------------------------------------------------------------
                                        0.4895   slack (MET)


Startpoint: _21698_ (rising edge-triggered flip-flop clocked by clk)
Endpoint: mem (falling edge-triggered flip-flop clocked by clk)
Path Group: clk
Path Type: max

Fanout       Cap      Slew     Delay      Time   Description
-------------------------------------------------------------------------------------
                    0.0000    0.0000    0.0000   clock clk (rise edge)
                              0.0000    0.0000   clock network delay (ideal)
                    0.0000    0.0000    0.0000 ^ _21698_/CLK (sky130_fd_sc_hd__dfxtp_1)
                    0.0268    0.2114    0.2114 v _21698_/Q (sky130_fd_sc_hd__dfxtp_1)
     2    0.0044                                 cntlr.core.CPU_valid_load_a5 (net)
                    0.0268    0.0000    0.2114 v _10013_/A (sky130_fd_sc_hd__nor2_1)
                    0.0602    0.0720    0.2835 ^ _10013_/Y (sky130_fd_sc_hd__nor2_1)
     1    0.0024                                 _4040_ (net)
                    0.0602    0.0000    0.2835 ^ _10015_/B (sky130_fd_sc_hd__nand3_1)
                    0.4428    0.3612    0.6447 v _10015_/Y (sky130_fd_sc_hd__nand3_1)
    29    0.0720                                 _4042_ (net)
                    0.4428    0.0000    0.6447 v _10016_/A (sky130_fd_sc_hd__clkinv_1)
                    0.5158    0.5496    1.1943 ^ _10016_/Y (sky130_fd_sc_hd__clkinv_1)
    49    0.1019                                 cntlr.core.CPU_valid_a3 (net)
                    0.5158    0.0000    1.1943 ^ _10017_/A (sky130_fd_sc_hd__nand2_1)
                    0.1202    0.0843    1.2786 v _10017_/Y (sky130_fd_sc_hd__nand2_1)
     3    0.0071                                 _4043_ (net)
                    0.1202    0.0000    1.2786 v _11002_/B (sky130_fd_sc_hd__nor2_1)
                    1.7872    1.3517    2.6303 ^ _11002_/Y (sky130_fd_sc_hd__nor2_1)
    51    0.1222                                 _4960_ (net)
                    1.7872    0.0000    2.6303 ^ _11010_/A (sky130_fd_sc_hd__clkinv_1)
                    0.4872    0.4711    3.1013 v _11010_/Y (sky130_fd_sc_hd__clkinv_1)
    14    0.0281                                 _4967_ (net)
                    0.4872    0.0000    3.1013 v _11039_/B (sky130_fd_sc_hd__nand2_1)
                    0.1056    0.1838    3.2852 ^ _11039_/Y (sky130_fd_sc_hd__nand2_1)
     1    0.0024                                 _4992_ (net)
                    0.1056    0.0000    3.2852 ^ _11042_/A1 (sky130_fd_sc_hd__a21oi_1)
                    0.0375    0.0464    3.3316 v _11042_/Y (sky130_fd_sc_hd__a21oi_1)
     1    0.0022                                 _4995_ (net)
                    0.0375    0.0000    3.3316 v _11043_/B1 (sky130_fd_sc_hd__a31oi_1)
                    0.1414    0.0558    3.3874 ^ _11043_/Y (sky130_fd_sc_hd__a31oi_1)
     1    0.0023                                 _4996_ (net)
                    0.1414    0.0000    3.3874 ^ _11045_/A2 (sky130_fd_sc_hd__a21oi_1)
                    0.1541    0.0697    3.4571 v _11045_/Y (sky130_fd_sc_hd__a21oi_1)
     2    0.0045                                 cntlr.core.CPU_pc_a0[7] (net)
                    0.1541    0.0000    3.4571 v _9929_/A (sky130_fd_sc_hd__clkinv_1)
                    0.0406    0.0623    3.5194 ^ _9929_/Y (sky130_fd_sc_hd__clkinv_1)
     1    0.0018                                 _10_ (net)
                    0.0406    0.0000    3.5194 ^ _9931_/A2 (sky130_fd_sc_hd__o21ai_0)
                    0.1648    0.0729    3.5924 v _9931_/Y (sky130_fd_sc_hd__o21ai_0)
     1    0.0069                                 cntlr.mem_addr[5] (net)
                    0.2197    0.0000    3.5924 v mem/addr0[5] (sram_32_256_sky130A)
                                        3.5924   data arrival time

                    0.0000   10.0000   10.0000   clock clk (rise edge)
                              0.0000   10.0000   clock network delay (ideal)
                              0.0000   10.0000   clock reconvergence pessimism
                                       10.0000 ^ mem/clk0 (sram_32_256_sky130A)
                             -0.1030    9.8970   library setup time
                                        9.8970   data required time
-------------------------------------------------------------------------------------
                                        9.8970   data required time
                                       -3.5924   data arrival time
-------------------------------------------------------------------------------------
                                        6.3046   slack (MET)


