Startpoint: init_data[0] (input port clocked by clk)
Endpoint: mem (falling edge-triggered flip-flop clocked by clk)
Path Group: clk
Path Type: min

Fanout       Cap      Slew     Delay      Time   Description
-------------------------------------------------------------------------------------
                    0.0000    0.0000    0.0000   clock clk (rise edge)
                              0.0000    0.0000   clock network delay (ideal)
                              0.5000    0.5000 v input external delay
                    0.5000    0.0000    0.5000 v init_data[0] (in)
     1    0.0069                                 init_data[0] (net)
                    0.5000    0.0000    0.5000 v mem/din0[0] (sram_32_256_sky130A)
                                        0.5000   data arrival time

                    0.0000    0.0000    0.0000   clock clk (rise edge)
                              0.0000    0.0000   clock network delay (ideal)
                              0.0000    0.0000   clock reconvergence pessimism
                                        0.0000 ^ mem/clk0 (sram_32_256_sky130A)
                             -0.0560   -0.0560   library hold time
                                       -0.0560   data required time
-------------------------------------------------------------------------------------
                                       -0.0560   data required time
                                       -0.5000   data arrival time
-------------------------------------------------------------------------------------
                                        0.5560   slack (MET)


Startpoint: _21698_ (rising edge-triggered flip-flop clocked by clk)
Endpoint: mem (falling edge-triggered flip-flop clocked by clk)
Path Group: clk
Path Type: max

Fanout       Cap      Slew     Delay      Time   Description
-------------------------------------------------------------------------------------
                    0.0000    0.0000    0.0000   clock clk (rise edge)
                              0.0000    0.0000   clock network delay (ideal)
                    0.0000    0.0000    0.0000 ^ _21698_/CLK (sky130_fd_sc_hd__dfxtp_1)
                    0.0307    0.2664    0.2664 v _21698_/Q (sky130_fd_sc_hd__dfxtp_1)
     2    0.0042                                 cntlr.core.CPU_valid_load_a5 (net)
                    0.0307    0.0000    0.2664 v _10013_/A (sky130_fd_sc_hd__nor2_1)
                    0.0772    0.0942    0.3606 ^ _10013_/Y (sky130_fd_sc_hd__nor2_1)
     1    0.0023                                 _4040_ (net)
                    0.0772    0.0000    0.3606 ^ _10015_/B (sky130_fd_sc_hd__nand3_1)
                    0.5050    0.4197    0.7804 v _10015_/Y (sky130_fd_sc_hd__nand3_1)
    29    0.0689                                 _4042_ (net)
                    0.5050    0.0000    0.7804 v _10016_/A (sky130_fd_sc_hd__clkinv_1)
                    0.6179    0.6835    1.4639 ^ _10016_/Y (sky130_fd_sc_hd__clkinv_1)
    49    0.0979                                 cntlr.core.CPU_valid_a3 (net)
                    0.6179    0.0000    1.4639 ^ _10017_/A (sky130_fd_sc_hd__nand2_1)
                    0.1417    0.1407    1.6046 v _10017_/Y (sky130_fd_sc_hd__nand2_1)
     3    0.0068                                 _4043_ (net)
                    0.1417    0.0000    1.6046 v _11002_/B (sky130_fd_sc_hd__nor2_1)
                    2.3109    1.7622    3.3668 ^ _11002_/Y (sky130_fd_sc_hd__nor2_1)
    51    0.1174                                 _4960_ (net)
                    2.3109    0.0000    3.3668 ^ _11010_/A (sky130_fd_sc_hd__clkinv_1)
                    0.6022    0.7562    4.1230 v _11010_/Y (sky130_fd_sc_hd__clkinv_1)
    14    0.0270                                 _4967_ (net)
                    0.6022    0.0000    4.1230 v _11039_/B (sky130_fd_sc_hd__nand2_1)
                    0.1320    0.2719    4.3950 ^ _11039_/Y (sky130_fd_sc_hd__nand2_1)
     1    0.0023                                 _4992_ (net)
                    0.1320    0.0000    4.3950 ^ _11042_/A1 (sky130_fd_sc_hd__a21oi_1)
                    0.0422    0.0621    4.4570 v _11042_/Y (sky130_fd_sc_hd__a21oi_1)
     1    0.0021                                 _4995_ (net)
                    0.0422    0.0000    4.4570 v _11043_/B1 (sky130_fd_sc_hd__a31oi_1)
                    0.1586    0.0719    4.5289 ^ _11043_/Y (sky130_fd_sc_hd__a31oi_1)
     1    0.0023                                 _4996_ (net)
                    0.1586    0.0000    4.5289 ^ _11045_/A2 (sky130_fd_sc_hd__a21oi_1)
                    0.1859    0.0881    4.6170 v _11045_/Y (sky130_fd_sc_hd__a21oi_1)
     2    0.0043                                 cntlr.core.CPU_pc_a0[7] (net)
                    0.1859    0.0000    4.6170 v _9929_/A (sky130_fd_sc_hd__clkinv_1)
                    0.0475    0.0897    4.7068 ^ _9929_/Y (sky130_fd_sc_hd__clkinv_1)
     1    0.0017                                 _10_ (net)
                    0.0475    0.0000    4.7068 ^ _9931_/A2 (sky130_fd_sc_hd__o21ai_0)
                    0.1688    0.0886    4.7953 v _9931_/Y (sky130_fd_sc_hd__o21ai_0)
     1    0.0069                                 cntlr.mem_addr[5] (net)
                    0.2251    0.0000    4.7953 v mem/addr0[5] (sram_32_256_sky130A)
                                        4.7953   data arrival time

                    0.0000   10.0000   10.0000   clock clk (rise edge)
                              0.0000   10.0000   clock network delay (ideal)
                              0.0000   10.0000   clock reconvergence pessimism
                                       10.0000 ^ mem/clk0 (sram_32_256_sky130A)
                             -0.1030    9.8970   library setup time
                                        9.8970   data required time
-------------------------------------------------------------------------------------
                                        9.8970   data required time
                                       -4.7953   data arrival time
-------------------------------------------------------------------------------------
                                        5.1017   slack (MET)


