Startpoint: _22005_ (rising edge-triggered flip-flop clocked by clk)
Endpoint: mem (falling edge-triggered flip-flop clocked by clk)
Path Group: clk
Path Type: min

Fanout       Cap      Slew     Delay      Time   Description
-------------------------------------------------------------------------------------
                    0.0000    0.0000    0.0000   clock clk (rise edge)
                              0.0000    0.0000   clock network delay (ideal)
                    0.0000    0.0000    0.0000 ^ _22005_/CLK (sky130_fd_sc_hd__dfxtp_1)
                    0.0215    0.2295    0.2295 v _22005_/Q (sky130_fd_sc_hd__dfxtp_1)
     1    0.0022                                 cntlr.core.CPU_inc_pc_a3[9] (net)
                    0.0215    0.0000    0.2295 v _11057_/A1 (sky130_fd_sc_hd__a21oi_1)
                    0.0573    0.0983    0.3278 ^ _11057_/Y (sky130_fd_sc_hd__a21oi_1)
     1    0.0023                                 _5008_ (net)
                    0.0573    0.0000    0.3278 ^ _11059_/A2 (sky130_fd_sc_hd__a21oi_1)
                    0.0305    0.0561    0.3839 v _11059_/Y (sky130_fd_sc_hd__a21oi_1)
     2    0.0044                                 cntlr.core.CPU_pc_a0[9] (net)
                    0.0305    0.0000    0.3839 v _9935_/A (sky130_fd_sc_hd__clkinv_1)
                    0.0181    0.0313    0.4152 ^ _9935_/Y (sky130_fd_sc_hd__clkinv_1)
     1    0.0018                                 _14_ (net)
                    0.0181    0.0000    0.4152 ^ _9937_/A2 (sky130_fd_sc_hd__o21ai_0)
                    0.0643    0.0714    0.4866 v _9937_/Y (sky130_fd_sc_hd__o21ai_0)
     1    0.0069                                 cntlr.mem_addr[7] (net)
                    0.0857    0.0000    0.4866 v mem/addr0[7] (sram_32_256_sky130A)
                                        0.4866   data arrival time

                    0.0000    0.0000    0.0000   clock clk (rise edge)
                              0.0000    0.0000   clock network delay (ideal)
                              0.0000    0.0000   clock reconvergence pessimism
                                        0.0000 ^ mem/clk0 (sram_32_256_sky130A)
                             -0.0560   -0.0560   library hold time
                                       -0.0560   data required time
-------------------------------------------------------------------------------------
                                       -0.0560   data required time
                                       -0.4866   data arrival time
-------------------------------------------------------------------------------------
                                        0.5426   slack (MET)


Startpoint: _21698_ (rising edge-triggered flip-flop clocked by clk)
Endpoint: mem (falling edge-triggered flip-flop clocked by clk)
Path Group: clk
Path Type: max

Fanout       Cap      Slew     Delay      Time   Description
-------------------------------------------------------------------------------------
                    0.0000    0.0000    0.0000   clock clk (rise edge)
                              0.0000    0.0000   clock network delay (ideal)
                    0.0000    0.0000    0.0000 ^ _21698_/CLK (sky130_fd_sc_hd__dfxtp_1)
                    0.0288    0.2379    0.2379 v _21698_/Q (sky130_fd_sc_hd__dfxtp_1)
     2    0.0043                                 cntlr.core.CPU_valid_load_a5 (net)
                    0.0288    0.0000    0.2379 v _10013_/A (sky130_fd_sc_hd__nor2_1)
                    0.0679    0.0826    0.3204 ^ _10013_/Y (sky130_fd_sc_hd__nor2_1)
     1    0.0024                                 _4040_ (net)
                    0.0679    0.0000    0.3204 ^ _10015_/B (sky130_fd_sc_hd__nand3_1)
                    0.4719    0.3894    0.7098 v _10015_/Y (sky130_fd_sc_hd__nand3_1)
    29    0.0704                                 _4042_ (net)
                    0.4719    0.0000    0.7098 v _10016_/A (sky130_fd_sc_hd__clkinv_1)
                    0.5640    0.6137    1.3236 ^ _10016_/Y (sky130_fd_sc_hd__clkinv_1)
    49    0.0998                                 cntlr.core.CPU_valid_a3 (net)
                    0.5640    0.0000    1.3236 ^ _10017_/A (sky130_fd_sc_hd__nand2_1)
                    0.1306    0.1109    1.4345 v _10017_/Y (sky130_fd_sc_hd__nand2_1)
     3    0.0070                                 _4043_ (net)
                    0.1306    0.0000    1.4345 v _11002_/B (sky130_fd_sc_hd__nor2_1)
                    2.0412    1.5473    2.9818 ^ _11002_/Y (sky130_fd_sc_hd__nor2_1)
    51    0.1197                                 _4960_ (net)
                    2.0412    0.0000    2.9818 ^ _11010_/A (sky130_fd_sc_hd__clkinv_1)
                    0.5445    0.6033    3.5851 v _11010_/Y (sky130_fd_sc_hd__clkinv_1)
    14    0.0276                                 _4967_ (net)
                    0.5445    0.0000    3.5851 v _11039_/B (sky130_fd_sc_hd__nand2_1)
                    0.1198    0.2249    3.8100 ^ _11039_/Y (sky130_fd_sc_hd__nand2_1)
     1    0.0023                                 _4992_ (net)
                    0.1198    0.0000    3.8100 ^ _11042_/A1 (sky130_fd_sc_hd__a21oi_1)
                    0.0399    0.0547    3.8647 v _11042_/Y (sky130_fd_sc_hd__a21oi_1)
     1    0.0021                                 _4995_ (net)
                    0.0399    0.0000    3.8647 v _11043_/B1 (sky130_fd_sc_hd__a31oi_1)
                    0.1492    0.0635    3.9282 ^ _11043_/Y (sky130_fd_sc_hd__a31oi_1)
     1    0.0023                                 _4996_ (net)
                    0.1492    0.0000    3.9282 ^ _11045_/A2 (sky130_fd_sc_hd__a21oi_1)
                    0.1694    0.0787    4.0069 v _11045_/Y (sky130_fd_sc_hd__a21oi_1)
     2    0.0044                                 cntlr.core.CPU_pc_a0[7] (net)
                    0.1694    0.0000    4.0069 v _9929_/A (sky130_fd_sc_hd__clkinv_1)
                    0.0441    0.0753    4.0822 ^ _9929_/Y (sky130_fd_sc_hd__clkinv_1)
     1    0.0018                                 _10_ (net)
                    0.0441    0.0000    4.0822 ^ _9931_/A2 (sky130_fd_sc_hd__o21ai_0)
                    0.1670    0.0805    4.1627 v _9931_/Y (sky130_fd_sc_hd__o21ai_0)
     1    0.0069                                 cntlr.mem_addr[5] (net)
                    0.2226    0.0000    4.1627 v mem/addr0[5] (sram_32_256_sky130A)
                                        4.1627   data arrival time

                    0.0000   10.0000   10.0000   clock clk (rise edge)
                              0.0000   10.0000   clock network delay (ideal)
                              0.0000   10.0000   clock reconvergence pessimism
                                       10.0000 ^ mem/clk0 (sram_32_256_sky130A)
                             -0.1030    9.8970   library setup time
                                        9.8970   data required time
-------------------------------------------------------------------------------------
                                        9.8970   data required time
                                       -4.1627   data arrival time
-------------------------------------------------------------------------------------
                                        5.7343   slack (MET)


