Startpoint: init_data[0] (input port clocked by clk)
Endpoint: mem (falling edge-triggered flip-flop clocked by clk)
Path Group: clk
Path Type: min

Fanout       Cap      Slew     Delay      Time   Description
-------------------------------------------------------------------------------------
                    0.0000    0.0000    0.0000   clock clk (rise edge)
                              0.0000    0.0000   clock network delay (ideal)
                              0.5000    0.5000 v input external delay
                    0.5000    0.0000    0.5000 v init_data[0] (in)
     1    0.0069                                 init_data[0] (net)
                    0.5000    0.0000    0.5000 v mem/din0[0] (sram_32_256_sky130A)
                                        0.5000   data arrival time

                    0.0000    0.0000    0.0000   clock clk (rise edge)
                              0.0000    0.0000   clock network delay (ideal)
                              0.0000    0.0000   clock reconvergence pessimism
                                        0.0000 ^ mem/clk0 (sram_32_256_sky130A)
                             -0.0560   -0.0560   library hold time
                                       -0.0560   data required time
-------------------------------------------------------------------------------------
                                       -0.0560   data required time
                                       -0.5000   data arrival time
-------------------------------------------------------------------------------------
                                        0.5560   slack (MET)


Startpoint: _21698_ (rising edge-triggered flip-flop clocked by clk)
Endpoint: mem (falling edge-triggered flip-flop clocked by clk)
Path Group: clk
Path Type: max

Fanout       Cap      Slew     Delay      Time   Description
-------------------------------------------------------------------------------------
                    0.0000    0.0000    0.0000   clock clk (rise edge)
                              0.0000    0.0000   clock network delay (ideal)
                    0.0000    0.0000    0.0000 ^ _21698_/CLK (sky130_fd_sc_hd__dfxtp_1)
                    0.1047    1.4926    1.4926 v _21698_/Q (sky130_fd_sc_hd__dfxtp_1)
     2    0.0038                                 cntlr.core.CPU_valid_load_a5 (net)
                    0.1047    0.0000    1.4926 v _10013_/A (sky130_fd_sc_hd__nor2_1)
                    0.4289    0.5293    2.0219 ^ _10013_/Y (sky130_fd_sc_hd__nor2_1)
     1    0.0020                                 _4040_ (net)
                    0.4289    0.0000    2.0219 ^ _10015_/B (sky130_fd_sc_hd__nand3_1)
                    2.2444    2.0613    4.0832 v _10015_/Y (sky130_fd_sc_hd__nand3_1)
    29    0.0609                                 _4042_ (net)
                    2.2444    0.0000    4.0832 v _10016_/A (sky130_fd_sc_hd__clkinv_1)
                    2.7764    3.5427    7.6259 ^ _10016_/Y (sky130_fd_sc_hd__clkinv_1)
    49    0.0845                                 cntlr.core.CPU_valid_a3 (net)
                    2.7764    0.0000    7.6259 ^ _10017_/A (sky130_fd_sc_hd__nand2_1)
                    0.4995    1.5288    9.1548 v _10017_/Y (sky130_fd_sc_hd__nand2_1)
     3    0.0061                                 _4043_ (net)
                    0.4995    0.0000    9.1548 v _11002_/B (sky130_fd_sc_hd__nor2_1)
                   12.0978    9.8148   18.9695 ^ _11002_/Y (sky130_fd_sc_hd__nor2_1)
    51    0.1036                                 _4960_ (net)
                   12.0978    0.0000   18.9695 ^ _11010_/A (sky130_fd_sc_hd__clkinv_1)
                    2.0556    7.6041   26.5736 v _11010_/Y (sky130_fd_sc_hd__clkinv_1)
    14    0.0242                                 _4967_ (net)
                    2.0556    0.0000   26.5736 v _11039_/B (sky130_fd_sc_hd__nand2_1)
                    0.3207    1.5382   28.1118 ^ _11039_/Y (sky130_fd_sc_hd__nand2_1)
     1    0.0020                                 _4992_ (net)
                    0.3207    0.0000   28.1118 ^ _11042_/A1 (sky130_fd_sc_hd__a21oi_1)
                    0.1220    0.2780   28.3898 v _11042_/Y (sky130_fd_sc_hd__a21oi_1)
     1    0.0018                                 _4995_ (net)
                    0.1220    0.0000   28.3898 v _11043_/B1 (sky130_fd_sc_hd__a31oi_1)
                    0.6561    0.7584   29.1483 ^ _11043_/Y (sky130_fd_sc_hd__a31oi_1)
     1    0.0020                                 _4996_ (net)
                    0.6561    0.0000   29.1483 ^ _11045_/A2 (sky130_fd_sc_hd__a21oi_1)
                    0.6778    0.5227   29.6710 v _11045_/Y (sky130_fd_sc_hd__a21oi_1)
     2    0.0036                                 cntlr.core.CPU_pc_a0[7] (net)
                    0.6778    0.0000   29.6710 v _9929_/A (sky130_fd_sc_hd__clkinv_1)
                    0.1202    0.5374   30.2084 ^ _9929_/Y (sky130_fd_sc_hd__clkinv_1)
     1    0.0015                                 _10_ (net)
                    0.1202    0.0000   30.2084 ^ _9931_/A2 (sky130_fd_sc_hd__o21ai_0)
                    0.3609    0.3724   30.5808 v _9931_/Y (sky130_fd_sc_hd__o21ai_0)
     1    0.0069                                 cntlr.mem_addr[5] (net)
                    0.4812    0.0000   30.5808 v mem/addr0[5] (sram_32_256_sky130A)
                                       30.5808   data arrival time

                    0.0000   10.0000   10.0000   clock clk (rise edge)
                              0.0000   10.0000   clock network delay (ideal)
                              0.0000   10.0000   clock reconvergence pessimism
                                       10.0000 ^ mem/clk0 (sram_32_256_sky130A)
                             -0.1030    9.8970   library setup time
                                        9.8970   data required time
-------------------------------------------------------------------------------------
                                        9.8970   data required time
                                      -30.5808   data arrival time
-------------------------------------------------------------------------------------
                                      -20.6838   slack (VIOLATED)


