Startpoint: init_data[0] (input port clocked by clk)
Endpoint: mem (falling edge-triggered flip-flop clocked by clk)
Path Group: clk
Path Type: min

Fanout       Cap      Slew     Delay      Time   Description
-------------------------------------------------------------------------------------
                    0.0000    0.0000    0.0000   clock clk (rise edge)
                              0.0000    0.0000   clock network delay (ideal)
                              0.5000    0.5000 v input external delay
                    0.5000    0.0000    0.5000 v init_data[0] (in)
     1    0.0069                                 init_data[0] (net)
                    0.5000    0.0000    0.5000 v mem/din0[0] (sram_32_256_sky130A)
                                        0.5000   data arrival time

                    0.0000    0.0000    0.0000   clock clk (rise edge)
                              0.0000    0.0000   clock network delay (ideal)
                              0.0000    0.0000   clock reconvergence pessimism
                                        0.0000 ^ mem/clk0 (sram_32_256_sky130A)
                             -0.0560   -0.0560   library hold time
                                       -0.0560   data required time
-------------------------------------------------------------------------------------
                                       -0.0560   data required time
                                       -0.5000   data arrival time
-------------------------------------------------------------------------------------
                                        0.5560   slack (MET)


Startpoint: _21698_ (rising edge-triggered flip-flop clocked by clk)
Endpoint: mem (falling edge-triggered flip-flop clocked by clk)
Path Group: clk
Path Type: max

Fanout       Cap      Slew     Delay      Time   Description
-------------------------------------------------------------------------------------
                    0.0000    0.0000    0.0000   clock clk (rise edge)
                              0.0000    0.0000   clock network delay (ideal)
                    0.0000    0.0000    0.0000 ^ _21698_/CLK (sky130_fd_sc_hd__dfxtp_1)
                    0.0734    0.9371    0.9371 v _21698_/Q (sky130_fd_sc_hd__dfxtp_1)
     2    0.0039                                 cntlr.core.CPU_valid_load_a5 (net)
                    0.0734    0.0000    0.9371 v _10013_/A (sky130_fd_sc_hd__nor2_1)
                    0.2591    0.3246    1.2618 ^ _10013_/Y (sky130_fd_sc_hd__nor2_1)
     1    0.0022                                 _4040_ (net)
                    0.2591    0.0000    1.2618 ^ _10015_/B (sky130_fd_sc_hd__nand3_1)
                    1.6072    1.4293    2.6911 v _10015_/Y (sky130_fd_sc_hd__nand3_1)
    29    0.0642                                 _4042_ (net)
                    1.6072    0.0000    2.6911 v _10016_/A (sky130_fd_sc_hd__clkinv_1)
                    1.8243    2.3435    5.0346 ^ _10016_/Y (sky130_fd_sc_hd__clkinv_1)
    49    0.0900                                 cntlr.core.CPU_valid_a3 (net)
                    1.8243    0.0000    5.0346 ^ _10017_/A (sky130_fd_sc_hd__nand2_1)
                    0.3463    0.9007    5.9353 v _10017_/Y (sky130_fd_sc_hd__nand2_1)
     3    0.0064                                 _4043_ (net)
                    0.3463    0.0000    5.9353 v _11002_/B (sky130_fd_sc_hd__nor2_1)
                    7.4291    6.0252   11.9605 ^ _11002_/Y (sky130_fd_sc_hd__nor2_1)
    51    0.1100                                 _4960_ (net)
                    7.4291    0.0000   11.9605 ^ _11010_/A (sky130_fd_sc_hd__clkinv_1)
                    1.3451    3.8207   15.7812 v _11010_/Y (sky130_fd_sc_hd__clkinv_1)
    14    0.0253                                 _4967_ (net)
                    1.3451    0.0000   15.7812 v _11039_/B (sky130_fd_sc_hd__nand2_1)
                    0.2329    0.9229   16.7041 ^ _11039_/Y (sky130_fd_sc_hd__nand2_1)
     1    0.0021                                 _4992_ (net)
                    0.2329    0.0000   16.7041 ^ _11042_/A1 (sky130_fd_sc_hd__a21oi_1)
                    0.0869    0.1937   16.8978 v _11042_/Y (sky130_fd_sc_hd__a21oi_1)
     1    0.0019                                 _4995_ (net)
                    0.0869    0.0000   16.8978 v _11043_/B1 (sky130_fd_sc_hd__a31oi_1)
                    0.3929    0.4418   17.3396 ^ _11043_/Y (sky130_fd_sc_hd__a31oi_1)
     1    0.0021                                 _4996_ (net)
                    0.3929    0.0000   17.3396 ^ _11045_/A2 (sky130_fd_sc_hd__a21oi_1)
                    0.4546    0.3116   17.6512 v _11045_/Y (sky130_fd_sc_hd__a21oi_1)
     2    0.0039                                 cntlr.core.CPU_pc_a0[7] (net)
                    0.4546    0.0000   17.6512 v _9929_/A (sky130_fd_sc_hd__clkinv_1)
                    0.0892    0.3298   17.9810 ^ _9929_/Y (sky130_fd_sc_hd__clkinv_1)
     1    0.0016                                 _10_ (net)
                    0.0892    0.0000   17.9810 ^ _9931_/A2 (sky130_fd_sc_hd__o21ai_0)
                    0.2684    0.2578   18.2388 v _9931_/Y (sky130_fd_sc_hd__o21ai_0)
     1    0.0069                                 cntlr.mem_addr[5] (net)
                    0.3578    0.0000   18.2388 v mem/addr0[5] (sram_32_256_sky130A)
                                       18.2388   data arrival time

                    0.0000   10.0000   10.0000   clock clk (rise edge)
                              0.0000   10.0000   clock network delay (ideal)
                              0.0000   10.0000   clock reconvergence pessimism
                                       10.0000 ^ mem/clk0 (sram_32_256_sky130A)
                             -0.1030    9.8970   library setup time
                                        9.8970   data required time
-------------------------------------------------------------------------------------
                                        9.8970   data required time
                                      -18.2388   data arrival time
-------------------------------------------------------------------------------------
                                       -8.3418   slack (VIOLATED)


