Startpoint: init_data[0] (input port clocked by clk)
Endpoint: mem (falling edge-triggered flip-flop clocked by clk)
Path Group: clk
Path Type: min

Fanout       Cap      Slew     Delay      Time   Description
-------------------------------------------------------------------------------------
                    0.0000    0.0000    0.0000   clock clk (rise edge)
                              0.0000    0.0000   clock network delay (ideal)
                              0.5000    0.5000 v input external delay
                    0.5000    0.0000    0.5000 v init_data[0] (in)
     1    0.0069                                 init_data[0] (net)
                    0.5000    0.0000    0.5000 v mem/din0[0] (sram_32_256_sky130A)
                                        0.5000   data arrival time

                    0.0000    0.0000    0.0000   clock clk (rise edge)
                              0.0000    0.0000   clock network delay (ideal)
                              0.0000    0.0000   clock reconvergence pessimism
                                        0.0000 ^ mem/clk0 (sram_32_256_sky130A)
                             -0.0560   -0.0560   library hold time
                                       -0.0560   data required time
-------------------------------------------------------------------------------------
                                       -0.0560   data required time
                                       -0.5000   data arrival time
-------------------------------------------------------------------------------------
                                        0.5560   slack (MET)


Startpoint: _21698_ (rising edge-triggered flip-flop clocked by clk)
Endpoint: mem (falling edge-triggered flip-flop clocked by clk)
Path Group: clk
Path Type: max

Fanout       Cap      Slew     Delay      Time   Description
-------------------------------------------------------------------------------------
                    0.0000    0.0000    0.0000   clock clk (rise edge)
                              0.0000    0.0000   clock network delay (ideal)
                    0.0000    0.0000    0.0000 ^ _21698_/CLK (sky130_fd_sc_hd__dfxtp_1)
                    0.0509    0.5615    0.5615 v _21698_/Q (sky130_fd_sc_hd__dfxtp_1)
     2    0.0041                                 cntlr.core.CPU_valid_load_a5 (net)
                    0.0509    0.0000    0.5615 v _10013_/A (sky130_fd_sc_hd__nor2_1)
                    0.1507    0.1897    0.7513 ^ _10013_/Y (sky130_fd_sc_hd__nor2_1)
     1    0.0023                                 _4040_ (net)
                    0.1507    0.0000    0.7513 ^ _10015_/B (sky130_fd_sc_hd__nand3_1)
                    1.1025    0.9439    1.6951 v _10015_/Y (sky130_fd_sc_hd__nand3_1)
    29    0.0681                                 _4042_ (net)
                    1.1025    0.0000    1.6951 v _10016_/A (sky130_fd_sc_hd__clkinv_1)
                    1.1512    1.4673    3.1625 ^ _10016_/Y (sky130_fd_sc_hd__clkinv_1)
    49    0.0955                                 cntlr.core.CPU_valid_a3 (net)
                    1.1512    0.0000    3.1625 ^ _10017_/A (sky130_fd_sc_hd__nand2_1)
                    0.2395    0.4813    3.6438 v _10017_/Y (sky130_fd_sc_hd__nand2_1)
     3    0.0068                                 _4043_ (net)
                    0.2395    0.0000    3.6438 v _11002_/B (sky130_fd_sc_hd__nor2_1)
                    4.4183    3.5300    7.1738 ^ _11002_/Y (sky130_fd_sc_hd__nor2_1)
    51    0.1169                                 _4960_ (net)
                    4.4183    0.0000    7.1738 ^ _11010_/A (sky130_fd_sc_hd__clkinv_1)
                    0.9205    1.9874    9.1612 v _11010_/Y (sky130_fd_sc_hd__clkinv_1)
    14    0.0268                                 _4967_ (net)
                    0.9205    0.0000    9.1612 v _11039_/B (sky130_fd_sc_hd__nand2_1)
                    0.1752    0.5409    9.7021 ^ _11039_/Y (sky130_fd_sc_hd__nand2_1)
     1    0.0023                                 _4992_ (net)
                    0.1752    0.0000    9.7021 ^ _11042_/A1 (sky130_fd_sc_hd__a21oi_1)
                    0.0596    0.1316    9.8336 v _11042_/Y (sky130_fd_sc_hd__a21oi_1)
     1    0.0020                                 _4995_ (net)
                    0.0596    0.0000    9.8336 v _11043_/B1 (sky130_fd_sc_hd__a31oi_1)
                    0.2554    0.2724   10.1060 ^ _11043_/Y (sky130_fd_sc_hd__a31oi_1)
     1    0.0022                                 _4996_ (net)
                    0.2554    0.0000   10.1060 ^ _11045_/A2 (sky130_fd_sc_hd__a21oi_1)
                    0.3058    0.1911   10.2971 v _11045_/Y (sky130_fd_sc_hd__a21oi_1)
     2    0.0041                                 cntlr.core.CPU_pc_a0[7] (net)
                    0.3058    0.0000   10.2971 v _9929_/A (sky130_fd_sc_hd__clkinv_1)
                    0.0677    0.1928   10.4900 ^ _9929_/Y (sky130_fd_sc_hd__clkinv_1)
     1    0.0016                                 _10_ (net)
                    0.0677    0.0000   10.4900 ^ _9931_/A2 (sky130_fd_sc_hd__o21ai_0)
                    0.2091    0.1709   10.6608 v _9931_/Y (sky130_fd_sc_hd__o21ai_0)
     1    0.0069                                 cntlr.mem_addr[5] (net)
                    0.2788    0.0000   10.6608 v mem/addr0[5] (sram_32_256_sky130A)
                                       10.6608   data arrival time

                    0.0000   10.0000   10.0000   clock clk (rise edge)
                              0.0000   10.0000   clock network delay (ideal)
                              0.0000   10.0000   clock reconvergence pessimism
                                       10.0000 ^ mem/clk0 (sram_32_256_sky130A)
                             -0.1030    9.8970   library setup time
                                        9.8970   data required time
-------------------------------------------------------------------------------------
                                        9.8970   data required time
                                      -10.6608   data arrival time
-------------------------------------------------------------------------------------
                                       -0.7638   slack (VIOLATED)


