Startpoint: init_data[0] (input port clocked by clk)
Endpoint: mem (falling edge-triggered flip-flop clocked by clk)
Path Group: clk
Path Type: min

Fanout       Cap      Slew     Delay      Time   Description
-------------------------------------------------------------------------------------
                    0.0000    0.0000    0.0000   clock clk (rise edge)
                              0.0000    0.0000   clock network delay (ideal)
                              0.5000    0.5000 v input external delay
                    0.5000    0.0000    0.5000 v init_data[0] (in)
     1    0.0069                                 init_data[0] (net)
                    0.5000    0.0000    0.5000 v mem/din0[0] (sram_32_256_sky130A)
                                        0.5000   data arrival time

                    0.0000    0.0000    0.0000   clock clk (rise edge)
                              0.0000    0.0000   clock network delay (ideal)
                              0.0000    0.0000   clock reconvergence pessimism
                                        0.0000 ^ mem/clk0 (sram_32_256_sky130A)
                             -0.0560   -0.0560   library hold time
                                       -0.0560   data required time
-------------------------------------------------------------------------------------
                                       -0.0560   data required time
                                       -0.5000   data arrival time
-------------------------------------------------------------------------------------
                                        0.5560   slack (MET)


Startpoint: _21953_ (rising edge-triggered flip-flop clocked by clk)
Endpoint: _20152_ (rising edge-triggered flip-flop clocked by clk)
Path Group: clk
Path Type: max

Fanout       Cap      Slew     Delay      Time   Description
-------------------------------------------------------------------------------------
                    0.0000    0.0000    0.0000   clock clk (rise edge)
                              0.0000    0.0000   clock network delay (ideal)
                    0.0000    0.0000    0.0000 ^ _21953_/CLK (sky130_fd_sc_hd__dfxtp_1)
                    4.8536    5.5605    5.5605 ^ _21953_/Q (sky130_fd_sc_hd__dfxtp_1)
    46    0.0912                                 cntlr.core.CPU_is_slli_a3 (net)
                    4.8536    0.0000    5.5605 ^ _11244_/A (sky130_fd_sc_hd__clkinv_1)
                    1.2643    3.6815    9.2419 v _11244_/Y (sky130_fd_sc_hd__clkinv_1)
    24    0.0383                                 _5162_ (net)
                    1.2643    0.0000    9.2419 v _11371_/D (sky130_fd_sc_hd__nor4_1)
                    1.5198    2.0551   11.2971 ^ _11371_/Y (sky130_fd_sc_hd__nor4_1)
     1    0.0020                                 _5289_ (net)
                    1.5198    0.0000   11.2971 ^ _11372_/A (sky130_fd_sc_hd__nand3_1)
                    0.6408    1.2314   12.5285 v _11372_/Y (sky130_fd_sc_hd__nand3_1)
     6    0.0107                                 _5290_ (net)
                    0.6408    0.0000   12.5285 v _11374_/A2 (sky130_fd_sc_hd__o21ai_0)
                   24.0778   19.2992   31.8277 ^ _11374_/Y (sky130_fd_sc_hd__o21ai_0)
    65    0.1131                                 _5292_ (net)
                   24.0778    0.0000   31.8277 ^ _12480_/A2 (sky130_fd_sc_hd__o21ai_0)
                    2.1726   11.3407   43.1684 v _12480_/Y (sky130_fd_sc_hd__o21ai_0)
     2    0.0038                                 _6386_ (net)
                    2.1726    0.0000   43.1684 v _12481_/A (sky130_fd_sc_hd__nand2_1)
                    0.4006    1.5486   44.7171 ^ _12481_/Y (sky130_fd_sc_hd__nand2_1)
     1    0.0020                                 _6387_ (net)
                    0.4006    0.0000   44.7171 ^ _12482_/B (sky130_fd_sc_hd__nand2_1)
                    0.1440    0.3668   45.0838 v _12482_/Y (sky130_fd_sc_hd__nand2_1)
     2    0.0038                                 _6388_ (net)
                    0.1440    0.0000   45.0838 v _12939_/A2 (sky130_fd_sc_hd__o21a_1)
                    0.1946    1.3043   46.3882 v _12939_/X (sky130_fd_sc_hd__o21a_1)
     3    0.0052                                 _6841_ (net)
                    0.1946    0.0000   46.3882 v _12941_/A2 (sky130_fd_sc_hd__o211ai_1)
                    1.2600    1.3644   47.7525 ^ _12941_/Y (sky130_fd_sc_hd__o211ai_1)
     2    0.0040                                 _6843_ (net)
                    1.2600    0.0000   47.7525 ^ _12942_/A1 (sky130_fd_sc_hd__a21oi_1)
                    0.3259    0.7295   48.4820 v _12942_/Y (sky130_fd_sc_hd__a21oi_1)
     1    0.0019                                 _6844_ (net)
                    0.3259    0.0000   48.4820 v _12944_/A2 (sky130_fd_sc_hd__a21oi_1)
                    0.5394    0.8794   49.3614 ^ _12944_/Y (sky130_fd_sc_hd__a21oi_1)
     1    0.0020                                 _6846_ (net)
                    0.5394    0.0000   49.3614 ^ _12951_/B2 (sky130_fd_sc_hd__o221ai_1)
                    0.3754    0.5279   49.8893 v _12951_/Y (sky130_fd_sc_hd__o221ai_1)
     1    0.0019                                 _6853_ (net)
                    0.3754    0.0000   49.8893 v _12953_/A (sky130_fd_sc_hd__nand3_1)
                    0.3492    0.4692   50.3585 ^ _12953_/Y (sky130_fd_sc_hd__nand3_1)
     1    0.0020                                 _6855_ (net)
                    0.3492    0.0000   50.3585 ^ _12956_/A1 (sky130_fd_sc_hd__a31oi_1)
                    0.2311    0.3194   50.6778 v _12956_/Y (sky130_fd_sc_hd__a31oi_1)
     1    0.0014                                 _6858_ (net)
                    0.2311    0.0000   50.6778 v _12959_/A2 (sky130_fd_sc_hd__o21ai_0)
                    0.7516    0.9151   51.5929 ^ _12959_/Y (sky130_fd_sc_hd__o21ai_0)
     1    0.0020                                 _6861_ (net)
                    0.7516    0.0000   51.5929 ^ _12971_/A1 (sky130_fd_sc_hd__a21oi_1)
                    0.2221    0.5964   52.1893 v _12971_/Y (sky130_fd_sc_hd__a21oi_1)
     4    0.0060                                 _6873_ (net)
                    0.2221    0.0000   52.1893 v _16660_/A2 (sky130_fd_sc_hd__o21ai_0)
                   13.2675   10.6540   62.8433 ^ _16660_/Y (sky130_fd_sc_hd__o21ai_0)
    31    0.0615                                 _2072_ (net)
                   13.2675    0.0000   62.8433 ^ _16662_/A1 (sky130_fd_sc_hd__a31oi_1)
                    1.2430    5.0094   67.8526 v _16662_/Y (sky130_fd_sc_hd__a31oi_1)
     1    0.0013                                 _52_ (net)
                    1.2430    0.0000   67.8526 v _20152_/D (sky130_fd_sc_hd__dfxtp_1)
                                       67.8526   data arrival time

                    0.0000   10.0000   10.0000   clock clk (rise edge)
                              0.0000   10.0000   clock network delay (ideal)
                              0.0000   10.0000   clock reconvergence pessimism
                                       10.0000 ^ _20152_/CLK (sky130_fd_sc_hd__dfxtp_1)
                             -2.4126    7.5874   library setup time
                                        7.5874   data required time
-------------------------------------------------------------------------------------
                                        7.5874   data required time
                                      -67.8526   data arrival time
-------------------------------------------------------------------------------------
                                      -60.2652   slack (VIOLATED)


