Startpoint: init_data[0] (input port clocked by clk)
Endpoint: mem (falling edge-triggered flip-flop clocked by clk)
Path Group: clk
Path Type: min

Fanout       Cap      Slew     Delay      Time   Description
-------------------------------------------------------------------------------------
                    0.0000    0.0000    0.0000   clock clk (rise edge)
                              0.0000    0.0000   clock network delay (ideal)
                              0.5000    0.5000 v input external delay
                    0.5000    0.0000    0.5000 v init_data[0] (in)
     1    0.0069                                 init_data[0] (net)
                    0.5000    0.0000    0.5000 v mem/din0[0] (sram_32_256_sky130A)
                                        0.5000   data arrival time

                    0.0000    0.0000    0.0000   clock clk (rise edge)
                              0.0000    0.0000   clock network delay (ideal)
                              0.0000    0.0000   clock reconvergence pessimism
                                        0.0000 ^ mem/clk0 (sram_32_256_sky130A)
                             -0.0560   -0.0560   library hold time
                                       -0.0560   data required time
-------------------------------------------------------------------------------------
                                       -0.0560   data required time
                                       -0.5000   data arrival time
-------------------------------------------------------------------------------------
                                        0.5560   slack (MET)


Startpoint: _21698_ (rising edge-triggered flip-flop clocked by clk)
Endpoint: mem (falling edge-triggered flip-flop clocked by clk)
Path Group: clk
Path Type: max

Fanout       Cap      Slew     Delay      Time   Description
-------------------------------------------------------------------------------------
                    0.0000    0.0000    0.0000   clock clk (rise edge)
                              0.0000    0.0000   clock network delay (ideal)
                    0.0000    0.0000    0.0000 ^ _21698_/CLK (sky130_fd_sc_hd__dfxtp_1)
                    0.0417    0.4262    0.4262 v _21698_/Q (sky130_fd_sc_hd__dfxtp_1)
     2    0.0042                                 cntlr.core.CPU_valid_load_a5 (net)
                    0.0417    0.0000    0.4262 v _10013_/A (sky130_fd_sc_hd__nor2_1)
                    0.1132    0.1412    0.5675 ^ _10013_/Y (sky130_fd_sc_hd__nor2_1)
     1    0.0024                                 _4040_ (net)
                    0.1132    0.0000    0.5675 ^ _10015_/B (sky130_fd_sc_hd__nand3_1)
                    0.8868    0.7448    1.3123 v _10015_/Y (sky130_fd_sc_hd__nand3_1)
    29    0.0696                                 _4042_ (net)
                    0.8868    0.0000    1.3123 v _10016_/A (sky130_fd_sc_hd__clkinv_1)
                    0.8907    1.1149    2.4272 ^ _10016_/Y (sky130_fd_sc_hd__clkinv_1)
    49    0.0981                                 cntlr.core.CPU_valid_a3 (net)
                    0.8907    0.0000    2.4272 ^ _10017_/A (sky130_fd_sc_hd__nand2_1)
                    0.1996    0.3331    2.7603 v _10017_/Y (sky130_fd_sc_hd__nand2_1)
     3    0.0069                                 _4043_ (net)
                    0.1996    0.0000    2.7603 v _11002_/B (sky130_fd_sc_hd__nor2_1)
                    3.3454    2.6395    5.3998 ^ _11002_/Y (sky130_fd_sc_hd__nor2_1)
    51    0.1204                                 _4960_ (net)
                    3.3454    0.0000    5.3998 ^ _11010_/A (sky130_fd_sc_hd__clkinv_1)
                    0.8196    1.5671    6.9669 v _11010_/Y (sky130_fd_sc_hd__clkinv_1)
    14    0.0274                                 _4967_ (net)
                    0.8196    0.0000    6.9669 v _11039_/B (sky130_fd_sc_hd__nand2_1)
                    0.1650    0.4162    7.3831 ^ _11039_/Y (sky130_fd_sc_hd__nand2_1)
     1    0.0023                                 _4992_ (net)
                    0.1650    0.0000    7.3831 ^ _11042_/A1 (sky130_fd_sc_hd__a21oi_1)
                    0.0585    0.1094    7.4925 v _11042_/Y (sky130_fd_sc_hd__a21oi_1)
     1    0.0021                                 _4995_ (net)
                    0.0585    0.0000    7.4925 v _11043_/B1 (sky130_fd_sc_hd__a31oi_1)
                    0.2102    0.2079    7.7004 ^ _11043_/Y (sky130_fd_sc_hd__a31oi_1)
     1    0.0023                                 _4996_ (net)
                    0.2102    0.0000    7.7004 ^ _11045_/A2 (sky130_fd_sc_hd__a21oi_1)
                    0.2632    0.1467    7.8471 v _11045_/Y (sky130_fd_sc_hd__a21oi_1)
     2    0.0042                                 cntlr.core.CPU_pc_a0[7] (net)
                    0.2632    0.0000    7.8471 v _9929_/A (sky130_fd_sc_hd__clkinv_1)
                    0.0606    0.1473    7.9944 ^ _9929_/Y (sky130_fd_sc_hd__clkinv_1)
     1    0.0017                                 _10_ (net)
                    0.0606    0.0000    7.9944 ^ _9931_/A2 (sky130_fd_sc_hd__o21ai_0)
                    0.1902    0.1367    8.1311 v _9931_/Y (sky130_fd_sc_hd__o21ai_0)
     1    0.0069                                 cntlr.mem_addr[5] (net)
                    0.2536    0.0000    8.1311 v mem/addr0[5] (sram_32_256_sky130A)
                                        8.1311   data arrival time

                    0.0000   10.0000   10.0000   clock clk (rise edge)
                              0.0000   10.0000   clock network delay (ideal)
                              0.0000   10.0000   clock reconvergence pessimism
                                       10.0000 ^ mem/clk0 (sram_32_256_sky130A)
                             -0.1030    9.8970   library setup time
                                        9.8970   data required time
-------------------------------------------------------------------------------------
                                        9.8970   data required time
                                       -8.1311   data arrival time
-------------------------------------------------------------------------------------
                                        1.7659   slack (MET)


