Startpoint: init_data[0] (input port clocked by clk)
Endpoint: mem (falling edge-triggered flip-flop clocked by clk)
Path Group: clk
Path Type: min

Fanout       Cap      Slew     Delay      Time   Description
-------------------------------------------------------------------------------------
                    0.0000    0.0000    0.0000   clock clk (rise edge)
                              0.0000    0.0000   clock network delay (ideal)
                              0.5000    0.5000 v input external delay
                    0.5000    0.0000    0.5000 v init_data[0] (in)
     1    0.0069                                 init_data[0] (net)
                    0.5000    0.0000    0.5000 v mem/din0[0] (sram_32_256_sky130A)
                                        0.5000   data arrival time

                    0.0000    0.0000    0.0000   clock clk (rise edge)
                              0.0000    0.0000   clock network delay (ideal)
                              0.0000    0.0000   clock reconvergence pessimism
                                        0.0000 ^ mem/clk0 (sram_32_256_sky130A)
                             -0.0560   -0.0560   library hold time
                                       -0.0560   data required time
-------------------------------------------------------------------------------------
                                       -0.0560   data required time
                                       -0.5000   data arrival time
-------------------------------------------------------------------------------------
                                        0.5560   slack (MET)


Startpoint: _21699_ (rising edge-triggered flip-flop clocked by clk)
Endpoint: mem (falling edge-triggered flip-flop clocked by clk)
Path Group: clk
Path Type: max

Fanout       Cap      Slew     Delay      Time   Description
-------------------------------------------------------------------------------------
                    0.0000    0.0000    0.0000   clock clk (rise edge)
                              0.0000    0.0000   clock network delay (ideal)
                    0.0000    0.0000    0.0000 ^ _21699_/CLK (sky130_fd_sc_hd__dfxtp_1)
                    0.0327    0.2800    0.2800 v _21699_/Q (sky130_fd_sc_hd__dfxtp_1)
     2    0.0040                                 cntlr.core.CPU_dmem_rd_en_a4 (net)
                    0.0327    0.0000    0.2800 v _10014_/A (sky130_fd_sc_hd__nor2_1)
                    0.0728    0.0874    0.3674 ^ _10014_/Y (sky130_fd_sc_hd__nor2_1)
     1    0.0025                                 _4041_ (net)
                    0.0728    0.0000    0.3674 ^ _10015_/C (sky130_fd_sc_hd__nand3_1)
                    0.7082    0.5706    0.9380 v _10015_/Y (sky130_fd_sc_hd__nand3_1)
    29    0.0737                                 _4042_ (net)
                    0.7082    0.0000    0.9380 v _10016_/A (sky130_fd_sc_hd__clkinv_1)
                    0.6127    0.7177    1.6557 ^ _10016_/Y (sky130_fd_sc_hd__clkinv_1)
    49    0.1035                                 cntlr.core.CPU_valid_a3 (net)
                    0.6127    0.0000    1.6557 ^ _10017_/A (sky130_fd_sc_hd__nand2_1)
                    0.1583    0.1676    1.8233 v _10017_/Y (sky130_fd_sc_hd__nand2_1)
     3    0.0073                                 _4043_ (net)
                    0.1583    0.0000    1.8233 v _11002_/B (sky130_fd_sc_hd__nor2_1)
                    2.1315    1.6162    3.4395 ^ _11002_/Y (sky130_fd_sc_hd__nor2_1)
    51    0.1255                                 _4960_ (net)
                    2.1315    0.0000    3.4395 ^ _11010_/A (sky130_fd_sc_hd__clkinv_1)
                    0.6067    0.7638    4.2033 v _11010_/Y (sky130_fd_sc_hd__clkinv_1)
    14    0.0288                                 _4967_ (net)
                    0.6067    0.0000    4.2033 v _11039_/B (sky130_fd_sc_hd__nand2_1)
                    0.1320    0.2130    4.4163 ^ _11039_/Y (sky130_fd_sc_hd__nand2_1)
     1    0.0024                                 _4992_ (net)
                    0.1320    0.0000    4.4163 ^ _11042_/A1 (sky130_fd_sc_hd__a21oi_1)
                    0.0565    0.0752    4.4914 v _11042_/Y (sky130_fd_sc_hd__a21oi_1)
     1    0.0021                                 _4995_ (net)
                    0.0565    0.0000    4.4914 v _11043_/B1 (sky130_fd_sc_hd__a31oi_1)
                    0.1799    0.1312    4.6226 ^ _11043_/Y (sky130_fd_sc_hd__a31oi_1)
     1    0.0024                                 _4996_ (net)
                    0.1799    0.0000    4.6226 ^ _11045_/A2 (sky130_fd_sc_hd__a21oi_1)
                    0.1988    0.1042    4.7268 v _11045_/Y (sky130_fd_sc_hd__a21oi_1)
     2    0.0046                                 cntlr.core.CPU_pc_a0[7] (net)
                    0.1988    0.0000    4.7268 v _9929_/A (sky130_fd_sc_hd__clkinv_1)
                    0.0501    0.0733    4.8001 ^ _9929_/Y (sky130_fd_sc_hd__clkinv_1)
     1    0.0018                                 _10_ (net)
                    0.0501    0.0000    4.8001 ^ _9931_/A2 (sky130_fd_sc_hd__o21ai_0)
                    0.1870    0.1043    4.9043 v _9931_/Y (sky130_fd_sc_hd__o21ai_0)
     1    0.0069                                 cntlr.mem_addr[5] (net)
                    0.2493    0.0000    4.9043 v mem/addr0[5] (sram_32_256_sky130A)
                                        4.9043   data arrival time

                    0.0000   10.0000   10.0000   clock clk (rise edge)
                              0.0000   10.0000   clock network delay (ideal)
                              0.0000   10.0000   clock reconvergence pessimism
                                       10.0000 ^ mem/clk0 (sram_32_256_sky130A)
                             -0.1030    9.8970   library setup time
                                        9.8970   data required time
-------------------------------------------------------------------------------------
                                        9.8970   data required time
                                       -4.9043   data arrival time
-------------------------------------------------------------------------------------
                                        4.9927   slack (MET)


