Startpoint: init_data[0] (input port clocked by clk)
Endpoint: mem (falling edge-triggered flip-flop clocked by clk)
Path Group: clk
Path Type: min

Fanout       Cap      Slew     Delay      Time   Description
-------------------------------------------------------------------------------------
                    0.0000    0.0000    0.0000   clock clk (rise edge)
                              0.0000    0.0000   clock network delay (ideal)
                              0.5000    0.5000 v input external delay
                    0.5000    0.0000    0.5000 v init_data[0] (in)
     1    0.0069                                 init_data[0] (net)
                    0.5000    0.0000    0.5000 v mem/din0[0] (sram_32_256_sky130A)
                                        0.5000   data arrival time

                    0.0000    0.0000    0.0000   clock clk (rise edge)
                              0.0000    0.0000   clock network delay (ideal)
                              0.0000    0.0000   clock reconvergence pessimism
                                        0.0000 ^ mem/clk0 (sram_32_256_sky130A)
                             -0.0560   -0.0560   library hold time
                                       -0.0560   data required time
-------------------------------------------------------------------------------------
                                       -0.0560   data required time
                                       -0.5000   data arrival time
-------------------------------------------------------------------------------------
                                        0.5560   slack (MET)


Startpoint: _21698_ (rising edge-triggered flip-flop clocked by clk)
Endpoint: mem (falling edge-triggered flip-flop clocked by clk)
Path Group: clk
Path Type: max

Fanout       Cap      Slew     Delay      Time   Description
-------------------------------------------------------------------------------------
                    0.0000    0.0000    0.0000   clock clk (rise edge)
                              0.0000    0.0000   clock network delay (ideal)
                    0.0000    0.0000    0.0000 ^ _21698_/CLK (sky130_fd_sc_hd__dfxtp_1)
                    0.0386    0.2891    0.2891 v _21698_/Q (sky130_fd_sc_hd__dfxtp_1)
     2    0.0045                                 cntlr.core.CPU_valid_load_a5 (net)
                    0.0386    0.0000    0.2891 v _10013_/A (sky130_fd_sc_hd__nor2_1)
                    0.0715    0.0842    0.3733 ^ _10013_/Y (sky130_fd_sc_hd__nor2_1)
     1    0.0025                                 _4040_ (net)
                    0.0715    0.0000    0.3733 ^ _10015_/B (sky130_fd_sc_hd__nand3_1)
                    0.8705    0.6787    1.0520 v _10015_/Y (sky130_fd_sc_hd__nand3_1)
    29    0.0760                                 _4042_ (net)
                    0.8705    0.0000    1.0520 v _10016_/A (sky130_fd_sc_hd__clkinv_1)
                    0.6706    0.7407    1.7927 ^ _10016_/Y (sky130_fd_sc_hd__clkinv_1)
    49    0.1059                                 cntlr.core.CPU_valid_a3 (net)
                    0.6706    0.0000    1.7927 ^ _10017_/A (sky130_fd_sc_hd__nand2_1)
                    0.1792    0.1862    1.9789 v _10017_/Y (sky130_fd_sc_hd__nand2_1)
     3    0.0075                                 _4043_ (net)
                    0.1792    0.0000    1.9789 v _11002_/B (sky130_fd_sc_hd__nor2_1)
                    2.0544    1.5241    3.5030 ^ _11002_/Y (sky130_fd_sc_hd__nor2_1)
    51    0.1284                                 _4960_ (net)
                    2.0544    0.0000    3.5030 ^ _11010_/A (sky130_fd_sc_hd__clkinv_1)
                    0.6156    0.7590    4.2620 v _11010_/Y (sky130_fd_sc_hd__clkinv_1)
    14    0.0296                                 _4967_ (net)
                    0.6156    0.0000    4.2620 v _11039_/B (sky130_fd_sc_hd__nand2_1)
                    0.1312    0.1716    4.4336 ^ _11039_/Y (sky130_fd_sc_hd__nand2_1)
     1    0.0025                                 _4992_ (net)
                    0.1312    0.0000    4.4336 ^ _11042_/A1 (sky130_fd_sc_hd__a21oi_1)
                    0.0629    0.0811    4.5147 v _11042_/Y (sky130_fd_sc_hd__a21oi_1)
     1    0.0022                                 _4995_ (net)
                    0.0629    0.0000    4.5147 v _11043_/B1 (sky130_fd_sc_hd__a31oi_1)
                    0.2016    0.1238    4.6385 ^ _11043_/Y (sky130_fd_sc_hd__a31oi_1)
     1    0.0025                                 _4996_ (net)
                    0.2016    0.0000    4.6385 ^ _11045_/A2 (sky130_fd_sc_hd__a21oi_1)
                    0.2129    0.1152    4.7538 v _11045_/Y (sky130_fd_sc_hd__a21oi_1)
     2    0.0047                                 cntlr.core.CPU_pc_a0[7] (net)
                    0.2129    0.0000    4.7538 v _9929_/A (sky130_fd_sc_hd__clkinv_1)
                    0.0551    0.0610    4.8148 ^ _9929_/Y (sky130_fd_sc_hd__clkinv_1)
     1    0.0019                                 _10_ (net)
                    0.0551    0.0000    4.8148 ^ _9931_/A2 (sky130_fd_sc_hd__o21ai_0)
                    0.2047    0.1161    4.9309 v _9931_/Y (sky130_fd_sc_hd__o21ai_0)
     1    0.0069                                 cntlr.mem_addr[5] (net)
                    0.2729    0.0000    4.9309 v mem/addr0[5] (sram_32_256_sky130A)
                                        4.9309   data arrival time

                    0.0000   10.0000   10.0000   clock clk (rise edge)
                              0.0000   10.0000   clock network delay (ideal)
                              0.0000   10.0000   clock reconvergence pessimism
                                       10.0000 ^ mem/clk0 (sram_32_256_sky130A)
                             -0.1030    9.8970   library setup time
                                        9.8970   data required time
-------------------------------------------------------------------------------------
                                        9.8970   data required time
                                       -4.9309   data arrival time
-------------------------------------------------------------------------------------
                                        4.9661   slack (MET)


